1608219617299	geckodriver	INFO	Listening on 127.0.0.1:57182
1608219620324	mozrunner::runner	INFO	Running command: "C:\\Program Files\\Mozilla Firefox\\firefox.exe" "--marionette" "-foreground" "-no-remote" "-profile" "C:\\Users\\thoma\\AppData\\Local\\Temp\\rust_mozprofileKJor9T"
Can't find symbol 'eglSwapBuffersWithDamageEXT'.
Can't find symbol 'eglSetDamageRegionKHR'.
console.warn: SearchSettings: "get: No settings file exists, new profile?" (new Error("", "(unknown module)"))
1608219625008	Marionette	INFO	Listening on port 57191
1608219625165	Marionette	WARN	TLS certificate errors will be ignored for this session
1608219625254	Marionette	INFO	Stopped listening on port 57191
JavaScript error: resource://activity-stream/lib/ASRouter.jsm, line 987: NS_ERROR_ILLEGAL_VALUE: Component returned failure code: 0x80070057 (NS_ERROR_ILLEGAL_VALUE) [nsIObserverService.removeObserver]
console.error: services.settings: 
  main/message-groups Signature failed  TypeError: NetworkError when attempting to fetch resource.

###!!! [Child][RunMessage] Error: Channel closing: too late to send/recv, messages will be lost

1608219671317	geckodriver	INFO	Listening on 127.0.0.1:57252
1608219674350	mozrunner::runner	INFO	Running command: "C:\\Program Files\\Mozilla Firefox\\firefox.exe" "--marionette" "-foreground" "-no-remote" "-profile" "C:\\Users\\thoma\\AppData\\Local\\Temp\\rust_mozprofilexX2Ik9"
Can't find symbol 'eglSwapBuffersWithDamageEXT'.
Can't find symbol 'eglSetDamageRegionKHR'.
console.warn: SearchSettings: "get: No settings file exists, new profile?" (new Error("", "(unknown module)"))
1608219678872	Marionette	INFO	Listening on port 57262
1608219679176	Marionette	WARN	TLS certificate errors will be ignored for this session
1608219679270	Marionette	INFO	Stopped listening on port 57262
JavaScript error: resource://activity-stream/lib/ASRouter.jsm, line 987: NS_ERROR_ILLEGAL_VALUE: Component returned failure code: 0x80070057 (NS_ERROR_ILLEGAL_VALUE) [nsIObserverService.removeObserver]

###!!! [Child][RunMessage] Error: Channel closing: too late to send/recv, messages will be lost

1608219724417	geckodriver	INFO	Listening on 127.0.0.1:57347
1608219727459	mozrunner::runner	INFO	Running command: "C:\\Program Files\\Mozilla Firefox\\firefox.exe" "--marionette" "-foreground" "-no-remote" "-profile" "C:\\Users\\thoma\\AppData\\Local\\Temp\\rust_mozprofile4RgKKz"
Can't find symbol 'eglSwapBuffersWithDamageEXT'.
Can't find symbol 'eglSetDamageRegionKHR'.
console.warn: SearchSettings: "get: No settings file exists, new profile?" (new Error("", "(unknown module)"))
1608219731044	Marionette	INFO	Listening on port 57361
1608219731176	Marionette	WARN	TLS certificate errors will be ignored for this session
JavaScript error: https://pur-beurre-ths.herokuapp.com/static/catalog/js/bootstrap_scripts.b828b2192f1f.js, line 63: ReferenceError: jQuery is not defined
1608219733921	Marionette	INFO	Stopped listening on port 57361

###!!! [Child][RunMessage] Error: Channel closing: too late to send/recv, messages will be lost

1608225503653	geckodriver	INFO	Listening on 127.0.0.1:58653
1608225506607	mozrunner::runner	INFO	Running command: "C:\\Program Files\\Mozilla Firefox\\firefox.exe" "--marionette" "-foreground" "-no-remote" "-profile" "C:\\Users\\thoma\\AppData\\Local\\Temp\\rust_mozprofileiQPARv"
Can't find symbol 'eglSwapBuffersWithDamageEXT'.
Can't find symbol 'eglSetDamageRegionKHR'.
console.warn: SearchSettings: "get: No settings file exists, new profile?" (new Error("", "(unknown module)"))
1608225511449	Marionette	INFO	Listening on port 58661
1608225511958	Marionette	WARN	TLS certificate errors will be ignored for this session
1608225512382	Marionette	INFO	Stopped listening on port 58661
JavaScript error: resource://activity-stream/lib/ASRouter.jsm, line 987: NS_ERROR_ILLEGAL_VALUE: Component returned failure code: 0x80070057 (NS_ERROR_ILLEGAL_VALUE) [nsIObserverService.removeObserver]
console.error: services.settings: 
  main/cfr Signature failed  TypeError: NetworkError when attempting to fetch resource.
[Parent 18344, Gecko_IOThread] WARNING: file /builds/worker/checkouts/gecko/ipc/chromium/src/base/process_util_win.cc:166

###!!! [Child][RunMessage] Error: Channel closing: too late to send/recv, messages will be lost

1608225513576	geckodriver	INFO	Listening on 127.0.0.1:58702
1608225516563	mozrunner::runner	INFO	Running command: "C:\\Program Files\\Mozilla Firefox\\firefox.exe" "--marionette" "-foreground" "-no-remote" "-profile" "C:\\Users\\thoma\\AppData\\Local\\Temp\\rust_mozprofileXUnRYa"
Can't find symbol 'eglSwapBuffersWithDamageEXT'.
Can't find symbol 'eglSetDamageRegionKHR'.
console.warn: SearchSettings: "get: No settings file exists, new profile?" (new Error("", "(unknown module)"))
1608225520372	Marionette	INFO	Listening on port 58722
1608225520760	Marionette	WARN	TLS certificate errors will be ignored for this session
1608225520997	Marionette	INFO	Stopped listening on port 58722
JavaScript error: resource://activity-stream/lib/ASRouter.jsm, line 987: NS_ERROR_ILLEGAL_VALUE: Component returned failure code: 0x80070057 (NS_ERROR_ILLEGAL_VALUE) [nsIObserverService.removeObserver]
console.warn: services.settings: main/cfr sync interrupted by shutdown

###!!! [Child][RunMessage] Error: Channel closing: too late to send/recv, messages will be lost

1608225559794	geckodriver	INFO	Listening on 127.0.0.1:58798
1608225562816	mozrunner::runner	INFO	Running command: "C:\\Program Files\\Mozilla Firefox\\firefox.exe" "--marionette" "-foreground" "-no-remote" "-profile" "C:\\Users\\thoma\\AppData\\Local\\Temp\\rust_mozprofilez0GKss"
Can't find symbol 'eglSwapBuffersWithDamageEXT'.
Can't find symbol 'eglSetDamageRegionKHR'.
console.warn: SearchSettings: "get: No settings file exists, new profile?" (new Error("", "(unknown module)"))
1608225566209	Marionette	INFO	Listening on port 58806
1608225566526	Marionette	WARN	TLS certificate errors will be ignored for this session
1608225566824	Marionette	INFO	Stopped listening on port 58806
JavaScript error: resource://activity-stream/lib/ASRouter.jsm, line 987: NS_ERROR_ILLEGAL_VALUE: Component returned failure code: 0x80070057 (NS_ERROR_ILLEGAL_VALUE) [nsIObserverService.removeObserver]
console.warn: services.settings: main/cfr-fxa sync interrupted by shutdown

###!!! [Child][RunMessage] Error: Channel closing: too late to send/recv, messages will be lost

1608225567959	geckodriver	INFO	Listening on 127.0.0.1:58839
1608225570987	mozrunner::runner	INFO	Running command: "C:\\Program Files\\Mozilla Firefox\\firefox.exe" "--marionette" "-foreground" "-no-remote" "-profile" "C:\\Users\\thoma\\AppData\\Local\\Temp\\rust_mozprofileQj4Vn6"
Can't find symbol 'eglSwapBuffersWithDamageEXT'.
Can't find symbol 'eglSetDamageRegionKHR'.
console.warn: SearchSettings: "get: No settings file exists, new profile?" (new Error("", "(unknown module)"))
1608225575053	Marionette	INFO	Listening on port 58851
1608225575202	Marionette	WARN	TLS certificate errors will be ignored for this session
1608225575413	Marionette	INFO	Stopped listening on port 58851
JavaScript error: resource://activity-stream/lib/ASRouter.jsm, line 987: NS_ERROR_ILLEGAL_VALUE: Component returned failure code: 0x80070057 (NS_ERROR_ILLEGAL_VALUE) [nsIObserverService.removeObserver]

###!!! [Child][RunMessage] Error: Channel closing: too late to send/recv, messages will be lost

1608225600218	geckodriver	INFO	Listening on 127.0.0.1:58917
1608225604011	mozrunner::runner	INFO	Running command: "C:\\Program Files\\Mozilla Firefox\\firefox.exe" "--marionette" "-foreground" "-no-remote" "-profile" "C:\\Users\\thoma\\AppData\\Local\\Temp\\rust_mozprofiletgFa3k"
Can't find symbol 'eglSwapBuffersWithDamageEXT'.
Can't find symbol 'eglSetDamageRegionKHR'.
console.warn: SearchSettings: "get: No settings file exists, new profile?" (new Error("", "(unknown module)"))
1608225607513	Marionette	INFO	Listening on port 58930
1608225607726	Marionette	WARN	TLS certificate errors will be ignored for this session
JavaScript error: http://127.0.0.1:8000/static/catalog/js/bootstrap_scripts.acec36d6234c.js, line 63: ReferenceError: jQuery is not defined
1608225609502	Marionette	INFO	Stopped listening on port 58930

###!!! [Child][RunMessage] Error: Channel closing: too late to send/recv, messages will be lost

1608225610605	geckodriver	INFO	Listening on 127.0.0.1:58985
1608225613631	mozrunner::runner	INFO	Running command: "C:\\Program Files\\Mozilla Firefox\\firefox.exe" "--marionette" "-foreground" "-no-remote" "-profile" "C:\\Users\\thoma\\AppData\\Local\\Temp\\rust_mozprofileN79YWN"
Can't find symbol 'eglSwapBuffersWithDamageEXT'.
Can't find symbol 'eglSetDamageRegionKHR'.
console.warn: SearchSettings: "get: No settings file exists, new profile?" (new Error("", "(unknown module)"))
1608225618409	Marionette	INFO	Listening on port 58993
1608225618470	Marionette	WARN	TLS certificate errors will be ignored for this session
JavaScript error: http://127.0.0.1:8000/static/catalog/js/bootstrap_scripts.acec36d6234c.js, line 63: ReferenceError: jQuery is not defined
1608225620142	Marionette	INFO	Stopped listening on port 58993

###!!! [Child][RunMessage] Error: Channel closing: too late to send/recv, messages will be lost

1608225653214	geckodriver	INFO	Listening on 127.0.0.1:59134
1608225656238	mozrunner::runner	INFO	Running command: "C:\\Program Files\\Mozilla Firefox\\firefox.exe" "--marionette" "-foreground" "-no-remote" "-profile" "C:\\Users\\thoma\\AppData\\Local\\Temp\\rust_mozprofilePMGIKD"
Can't find symbol 'eglSwapBuffersWithDamageEXT'.
Can't find symbol 'eglSetDamageRegionKHR'.
console.warn: SearchSettings: "get: No settings file exists, new profile?" (new Error("", "(unknown module)"))
1608225659746	Marionette	INFO	Listening on port 59147
1608225659957	Marionette	WARN	TLS certificate errors will be ignored for this session
JavaScript error: http://127.0.0.1:8000/static/catalog/js/bootstrap_scripts.acec36d6234c.js, line 63: ReferenceError: jQuery is not defined
1608225661464	Marionette	INFO	Stopped listening on port 59147
console.warn: services.settings: main/whats-new-panel sync interrupted by shutdown
JavaScript error: resource://activity-stream/lib/ASRouter.jsm, line 987: NS_ERROR_ILLEGAL_VALUE: Component returned failure code: 0x80070057 (NS_ERROR_ILLEGAL_VALUE) [nsIObserverService.removeObserver]
[Parent 11664, Gecko_IOThread] WARNING: file /builds/worker/checkouts/gecko/ipc/chromium/src/base/process_util_win.cc:166

###!!! [Child][RunMessage] Error: Channel closing: too late to send/recv, messages will be lost

1608225662678	geckodriver	INFO	Listening on 127.0.0.1:59203
1608225665700	mozrunner::runner	INFO	Running command: "C:\\Program Files\\Mozilla Firefox\\firefox.exe" "--marionette" "-foreground" "-no-remote" "-profile" "C:\\Users\\thoma\\AppData\\Local\\Temp\\rust_mozprofilezb4z8D"
Can't find symbol 'eglSwapBuffersWithDamageEXT'.
Can't find symbol 'eglSetDamageRegionKHR'.
console.warn: SearchSettings: "get: No settings file exists, new profile?" (new Error("", "(unknown module)"))
1608225668955	Marionette	INFO	Listening on port 59211
1608225669383	Marionette	WARN	TLS certificate errors will be ignored for this session
JavaScript error: http://127.0.0.1:8000/static/catalog/js/bootstrap_scripts.acec36d6234c.js, line 63: ReferenceError: jQuery is not defined
1608225671403	Marionette	INFO	Stopped listening on port 59211

###!!! [Child][RunMessage] Error: Channel closing: too late to send/recv, messages will be lost

1608225700820	geckodriver	INFO	Listening on 127.0.0.1:59338
1608225703854	mozrunner::runner	INFO	Running command: "C:\\Program Files\\Mozilla Firefox\\firefox.exe" "--marionette" "-foreground" "-no-remote" "-profile" "C:\\Users\\thoma\\AppData\\Local\\Temp\\rust_mozprofile9tTJ9L"
Can't find symbol 'eglSwapBuffersWithDamageEXT'.
Can't find symbol 'eglSetDamageRegionKHR'.
console.warn: SearchSettings: "get: No settings file exists, new profile?" (new Error("", "(unknown module)"))
1608225707604	Marionette	INFO	Listening on port 59349
1608225708069	Marionette	WARN	TLS certificate errors will be ignored for this session
JavaScript error: http://127.0.0.1:8000/static/catalog/js/bootstrap_scripts.acec36d6234c.js, line 63: ReferenceError: jQuery is not defined
1608225709470	Marionette	INFO	Stopped listening on port 59349

###!!! [Child][RunMessage] Error: Channel closing: too late to send/recv, messages will be lost

1608225710467	geckodriver	INFO	Listening on 127.0.0.1:59407
1608225713488	mozrunner::runner	INFO	Running command: "C:\\Program Files\\Mozilla Firefox\\firefox.exe" "--marionette" "-foreground" "-no-remote" "-profile" "C:\\Users\\thoma\\AppData\\Local\\Temp\\rust_mozprofile1iORlc"
Can't find symbol 'eglSwapBuffersWithDamageEXT'.
Can't find symbol 'eglSetDamageRegionKHR'.
console.warn: SearchSettings: "get: No settings file exists, new profile?" (new Error("", "(unknown module)"))
1608225717327	Marionette	INFO	Listening on port 59416
1608225717699	Marionette	WARN	TLS certificate errors will be ignored for this session
JavaScript error: http://127.0.0.1:8000/static/catalog/js/bootstrap_scripts.acec36d6234c.js, line 63: ReferenceError: jQuery is not defined
1608225719506	Marionette	INFO	Stopped listening on port 59416

###!!! [Child][RunMessage] Error: Channel closing: too late to send/recv, messages will be lost

1608225802664	geckodriver	INFO	Listening on 127.0.0.1:59561
1608225805693	mozrunner::runner	INFO	Running command: "C:\\Program Files\\Mozilla Firefox\\firefox.exe" "--marionette" "-foreground" "-no-remote" "-profile" "C:\\Users\\thoma\\AppData\\Local\\Temp\\rust_mozprofileGkaT1H"
Can't find symbol 'eglSwapBuffersWithDamageEXT'.
Can't find symbol 'eglSetDamageRegionKHR'.
console.warn: SearchSettings: "get: No settings file exists, new profile?" (new Error("", "(unknown module)"))
1608225809005	Marionette	INFO	Listening on port 59570
1608225809391	Marionette	WARN	TLS certificate errors will be ignored for this session
JavaScript error: http://127.0.0.1:8000/static/catalog/js/bootstrap_scripts.acec36d6234c.js, line 63: ReferenceError: jQuery is not defined
1608225810904	Marionette	INFO	Stopped listening on port 59570

###!!! [Child][RunMessage] Error: Channel closing: too late to send/recv, messages will be lost

1608225811904	geckodriver	INFO	Listening on 127.0.0.1:59623
1608225814939	mozrunner::runner	INFO	Running command: "C:\\Program Files\\Mozilla Firefox\\firefox.exe" "--marionette" "-foreground" "-no-remote" "-profile" "C:\\Users\\thoma\\AppData\\Local\\Temp\\rust_mozprofileV4y43M"
Can't find symbol 'eglSwapBuffersWithDamageEXT'.
Can't find symbol 'eglSetDamageRegionKHR'.
console.warn: SearchSettings: "get: No settings file exists, new profile?" (new Error("", "(unknown module)"))
1608225819783	Marionette	INFO	Listening on port 59633
1608225820290	Marionette	WARN	TLS certificate errors will be ignored for this session
JavaScript error: http://127.0.0.1:8000/static/catalog/js/bootstrap_scripts.acec36d6234c.js, line 63: ReferenceError: jQuery is not defined
1608225822180	Marionette	INFO	Stopped listening on port 59633
JavaScript error: resource://devtools/client/jsonview/Sniffer.jsm, line 53: NS_ERROR_NOT_AVAILABLE: Component returned failure code: 0x80040111 (NS_ERROR_NOT_AVAILABLE) [nsIChannel.contentType]

###!!! [Child][RunMessage] Error: Channel closing: too late to send/recv, messages will be lost

1608226108641	geckodriver	INFO	Listening on 127.0.0.1:59959
1608226111677	mozrunner::runner	INFO	Running command: "C:\\Program Files\\Mozilla Firefox\\firefox.exe" "--marionette" "-foreground" "-no-remote" "-profile" "C:\\Users\\thoma\\AppData\\Local\\Temp\\rust_mozprofileaA05Ap"
Can't find symbol 'eglSwapBuffersWithDamageEXT'.
Can't find symbol 'eglSetDamageRegionKHR'.
console.warn: SearchSettings: "get: No settings file exists, new profile?" (new Error("", "(unknown module)"))
1608226115014	Marionette	INFO	Listening on port 59972
1608226115384	Marionette	WARN	TLS certificate errors will be ignored for this session
JavaScript error: http://127.0.0.1:8000/static/catalog/js/bootstrap_scripts.acec36d6234c.js, line 63: ReferenceError: jQuery is not defined
1608226117000	Marionette	INFO	Stopped listening on port 59972

###!!! [Child][RunMessage] Error: Channel closing: too late to send/recv, messages will be lost

1608226117981	geckodriver	INFO	Listening on 127.0.0.1:60026
1608226121019	mozrunner::runner	INFO	Running command: "C:\\Program Files\\Mozilla Firefox\\firefox.exe" "--marionette" "-foreground" "-no-remote" "-profile" "C:\\Users\\thoma\\AppData\\Local\\Temp\\rust_mozprofile04x0FR"
Can't find symbol 'eglSwapBuffersWithDamageEXT'.
Can't find symbol 'eglSetDamageRegionKHR'.
console.warn: SearchSettings: "get: No settings file exists, new profile?" (new Error("", "(unknown module)"))
1608226124336	Marionette	INFO	Listening on port 60034
1608226124705	Marionette	WARN	TLS certificate errors will be ignored for this session
JavaScript error: http://127.0.0.1:8000/static/catalog/js/bootstrap_scripts.acec36d6234c.js, line 63: ReferenceError: jQuery is not defined
1608226126453	Marionette	INFO	Stopped listening on port 60034

###!!! [Child][RunMessage] Error: Channel closing: too late to send/recv, messages will be lost

1608226266431	geckodriver	INFO	Listening on 127.0.0.1:60199
1608226269449	mozrunner::runner	INFO	Running command: "C:\\Program Files\\Mozilla Firefox\\firefox.exe" "--marionette" "-foreground" "-no-remote" "-profile" "C:\\Users\\thoma\\AppData\\Local\\Temp\\rust_mozprofileadEBR0"
Can't find symbol 'eglSwapBuffersWithDamageEXT'.
Can't find symbol 'eglSetDamageRegionKHR'.
console.warn: SearchSettings: "get: No settings file exists, new profile?" (new Error("", "(unknown module)"))
1608226272706	Marionette	INFO	Listening on port 60208
1608226273150	Marionette	WARN	TLS certificate errors will be ignored for this session
JavaScript error: http://127.0.0.1:8000/static/catalog/js/bootstrap_scripts.acec36d6234c.js, line 63: ReferenceError: jQuery is not defined
1608226274644	Marionette	INFO	Stopped listening on port 60208

###!!! [Child][RunMessage] Error: Channel closing: too late to send/recv, messages will be lost

1608226275631	geckodriver	INFO	Listening on 127.0.0.1:60261
1608226278651	mozrunner::runner	INFO	Running command: "C:\\Program Files\\Mozilla Firefox\\firefox.exe" "--marionette" "-foreground" "-no-remote" "-profile" "C:\\Users\\thoma\\AppData\\Local\\Temp\\rust_mozprofileiA0rmu"
Can't find symbol 'eglSwapBuffersWithDamageEXT'.
Can't find symbol 'eglSetDamageRegionKHR'.
console.warn: SearchSettings: "get: No settings file exists, new profile?" (new Error("", "(unknown module)"))
1608226281873	Marionette	INFO	Listening on port 60270
1608226282362	Marionette	WARN	TLS certificate errors will be ignored for this session
JavaScript error: http://127.0.0.1:8000/static/catalog/js/bootstrap_scripts.acec36d6234c.js, line 63: ReferenceError: jQuery is not defined
1608226284010	Marionette	INFO	Stopped listening on port 60270

###!!! [Child][RunMessage] Error: Channel closing: too late to send/recv, messages will be lost

1608226499202	geckodriver	INFO	Listening on 127.0.0.1:60470
1608226502248	mozrunner::runner	INFO	Running command: "C:\\Program Files\\Mozilla Firefox\\firefox.exe" "--marionette" "-foreground" "-no-remote" "-profile" "C:\\Users\\thoma\\AppData\\Local\\Temp\\rust_mozprofileUrNME1"
Can't find symbol 'eglSwapBuffersWithDamageEXT'.
Can't find symbol 'eglSetDamageRegionKHR'.
console.warn: SearchSettings: "get: No settings file exists, new profile?" (new Error("", "(unknown module)"))
1608226505880	Marionette	INFO	Listening on port 60482
1608226505972	Marionette	WARN	TLS certificate errors will be ignored for this session
JavaScript error: http://127.0.0.1:8000/static/catalog/js/bootstrap_scripts.acec36d6234c.js, line 63: ReferenceError: jQuery is not defined
1608226507650	Marionette	INFO	Stopped listening on port 60482
JavaScript error: resource://gre/modules/AsyncShutdown.jsm, line 716: Error: Phase "Sqlite.jsm: wait until all connections are closed" is finished, it is too late to register completion condition "protections.sqlite#0: waiting for shutdown"

###!!! [Child][RunMessage] Error: Channel closing: too late to send/recv, messages will be lost

1608226509058	geckodriver	INFO	Listening on 127.0.0.1:60536
1608226512093	mozrunner::runner	INFO	Running command: "C:\\Program Files\\Mozilla Firefox\\firefox.exe" "--marionette" "-foreground" "-no-remote" "-profile" "C:\\Users\\thoma\\AppData\\Local\\Temp\\rust_mozprofilerce6Wc"
Can't find symbol 'eglSwapBuffersWithDamageEXT'.
Can't find symbol 'eglSetDamageRegionKHR'.
console.warn: SearchSettings: "get: No settings file exists, new profile?" (new Error("", "(unknown module)"))
1608226515680	Marionette	INFO	Listening on port 60546
1608226515818	Marionette	WARN	TLS certificate errors will be ignored for this session
JavaScript error: http://127.0.0.1:8000/static/catalog/js/bootstrap_scripts.acec36d6234c.js, line 63: ReferenceError: jQuery is not defined
1608226517616	Marionette	INFO	Stopped listening on port 60546
JavaScript error: resource://activity-stream/lib/ASRouter.jsm, line 987: NS_ERROR_ILLEGAL_VALUE: Component returned failure code: 0x80070057 (NS_ERROR_ILLEGAL_VALUE) [nsIObserverService.removeObserver]

###!!! [Child][RunMessage] Error: Channel closing: too late to send/recv, messages will be lost

1608226518810	geckodriver	INFO	Listening on 127.0.0.1:60605
1608226521833	mozrunner::runner	INFO	Running command: "C:\\Program Files\\Mozilla Firefox\\firefox.exe" "--marionette" "-foreground" "-no-remote" "-profile" "C:\\Users\\thoma\\AppData\\Local\\Temp\\rust_mozprofileBYGxZk"
Can't find symbol 'eglSwapBuffersWithDamageEXT'.
Can't find symbol 'eglSetDamageRegionKHR'.
console.warn: SearchSettings: "get: No settings file exists, new profile?" (new Error("", "(unknown module)"))
1608226525648	Marionette	INFO	Listening on port 60615
1608226526048	Marionette	WARN	TLS certificate errors will be ignored for this session
JavaScript error: http://127.0.0.1:8000/static/catalog/js/bootstrap_scripts.acec36d6234c.js, line 63: ReferenceError: jQuery is not defined
1608226527802	Marionette	INFO	Stopped listening on port 60615

###!!! [Child][RunMessage] Error: Channel closing: too late to send/recv, messages will be lost

1608226575438	geckodriver	INFO	Listening on 127.0.0.1:60722
1608226578465	mozrunner::runner	INFO	Running command: "C:\\Program Files\\Mozilla Firefox\\firefox.exe" "--marionette" "-foreground" "-no-remote" "-profile" "C:\\Users\\thoma\\AppData\\Local\\Temp\\rust_mozprofile1iUIE0"
Can't find symbol 'eglSwapBuffersWithDamageEXT'.
Can't find symbol 'eglSetDamageRegionKHR'.
console.warn: SearchSettings: "get: No settings file exists, new profile?" (new Error("", "(unknown module)"))
1608226582007	Marionette	INFO	Listening on port 60733
1608226582255	Marionette	WARN	TLS certificate errors will be ignored for this session
JavaScript error: http://127.0.0.1:8000/static/catalog/js/bootstrap_scripts.acec36d6234c.js, line 63: ReferenceError: jQuery is not defined
1608226583830	Marionette	INFO	Stopped listening on port 60733
JavaScript error: resource://activity-stream/lib/ASRouter.jsm, line 987: NS_ERROR_ILLEGAL_VALUE: Component returned failure code: 0x80070057 (NS_ERROR_ILLEGAL_VALUE) [nsIObserverService.removeObserver]
console.warn: services.settings: main/whats-new-panel sync interrupted by shutdown

###!!! [Child][RunMessage] Error: Channel closing: too late to send/recv, messages will be lost

1608226584844	geckodriver	INFO	Listening on 127.0.0.1:60788
1608226587874	mozrunner::runner	INFO	Running command: "C:\\Program Files\\Mozilla Firefox\\firefox.exe" "--marionette" "-foreground" "-no-remote" "-profile" "C:\\Users\\thoma\\AppData\\Local\\Temp\\rust_mozprofileTnawcw"
Can't find symbol 'eglSwapBuffersWithDamageEXT'.
Can't find symbol 'eglSetDamageRegionKHR'.
console.warn: SearchSettings: "get: No settings file exists, new profile?" (new Error("", "(unknown module)"))
1608226592199	Marionette	INFO	Listening on port 60796
1608226592708	Marionette	WARN	TLS certificate errors will be ignored for this session
JavaScript error: http://127.0.0.1:8000/static/catalog/js/bootstrap_scripts.acec36d6234c.js, line 63: ReferenceError: jQuery is not defined
1608226594407	Marionette	INFO	Stopped listening on port 60796

###!!! [Child][RunMessage] Error: Channel closing: too late to send/recv, messages will be lost

1608226595595	geckodriver	INFO	Listening on 127.0.0.1:60866
1608226598634	mozrunner::runner	INFO	Running command: "C:\\Program Files\\Mozilla Firefox\\firefox.exe" "--marionette" "-foreground" "-no-remote" "-profile" "C:\\Users\\thoma\\AppData\\Local\\Temp\\rust_mozprofilehNq6sh"
Can't find symbol 'eglSwapBuffersWithDamageEXT'.
Can't find symbol 'eglSetDamageRegionKHR'.
console.warn: SearchSettings: "get: No settings file exists, new profile?" (new Error("", "(unknown module)"))
1608226602100	Marionette	INFO	Listening on port 60874
1608226602326	Marionette	WARN	TLS certificate errors will be ignored for this session
JavaScript error: http://127.0.0.1:8000/static/catalog/js/bootstrap_scripts.acec36d6234c.js, line 63: ReferenceError: jQuery is not defined
1608226604147	Marionette	INFO	Stopped listening on port 60874

###!!! [Child][RunMessage] Error: Channel closing: too late to send/recv, messages will be lost

1608373599150	geckodriver	INFO	Listening on 127.0.0.1:57033
1608373602128	mozrunner::runner	INFO	Running command: "C:\\Program Files\\Mozilla Firefox\\firefox.exe" "--marionette" "-foreground" "-no-remote" "-profile" "C:\\Users\\thoma\\AppData\\Local\\Temp\\rust_mozprofileI3rxse"
Can't find symbol 'eglSwapBuffersWithDamageEXT'.
Can't find symbol 'eglSetDamageRegionKHR'.
console.warn: SearchSettings: "get: No settings file exists, new profile?" (new Error("", "(unknown module)"))
1608373606520	Marionette	INFO	Listening on port 57043
1608373606976	Marionette	WARN	TLS certificate errors will be ignored for this session
1608373611476	Marionette	INFO	Stopped listening on port 57043

###!!! [Child][RunMessage] Error: Channel closing: too late to send/recv, messages will be lost

1608373612671	geckodriver	INFO	Listening on 127.0.0.1:57094
1608373615692	mozrunner::runner	INFO	Running command: "C:\\Program Files\\Mozilla Firefox\\firefox.exe" "--marionette" "-foreground" "-no-remote" "-profile" "C:\\Users\\thoma\\AppData\\Local\\Temp\\rust_mozprofileLg6pZL"
Can't find symbol 'eglSwapBuffersWithDamageEXT'.
Can't find symbol 'eglSetDamageRegionKHR'.
console.warn: SearchSettings: "get: No settings file exists, new profile?" (new Error("", "(unknown module)"))
1608373619055	Marionette	INFO	Listening on port 57103
1608373619400	Marionette	WARN	TLS certificate errors will be ignored for this session
1608373623910	Marionette	INFO	Stopped listening on port 57103

###!!! [Child][RunMessage] Error: Channel closing: too late to send/recv, messages will be lost

1608373722612	geckodriver	INFO	Listening on 127.0.0.1:57418
1608373725647	mozrunner::runner	INFO	Running command: "C:\\Program Files\\Mozilla Firefox\\firefox.exe" "--marionette" "-foreground" "-no-remote" "-profile" "C:\\Users\\thoma\\AppData\\Local\\Temp\\rust_mozprofileZxX82h"
Can't find symbol 'eglSwapBuffersWithDamageEXT'.
Can't find symbol 'eglSetDamageRegionKHR'.
console.warn: SearchSettings: "get: No settings file exists, new profile?" (new Error("", "(unknown module)"))
1608373728753	Marionette	INFO	Listening on port 57428
1608373728865	Marionette	WARN	TLS certificate errors will be ignored for this session
1608373733347	Marionette	INFO	Stopped listening on port 57428

###!!! [Child][RunMessage] Error: Channel closing: too late to send/recv, messages will be lost

1608373734338	geckodriver	INFO	Listening on 127.0.0.1:57490
1608373737348	mozrunner::runner	INFO	Running command: "C:\\Program Files\\Mozilla Firefox\\firefox.exe" "--marionette" "-foreground" "-no-remote" "-profile" "C:\\Users\\thoma\\AppData\\Local\\Temp\\rust_mozprofileLkrwf4"
Can't find symbol 'eglSwapBuffersWithDamageEXT'.
Can't find symbol 'eglSetDamageRegionKHR'.
console.warn: SearchSettings: "get: No settings file exists, new profile?" (new Error("", "(unknown module)"))
1608373740406	Marionette	INFO	Listening on port 57510
1608373740547	Marionette	WARN	TLS certificate errors will be ignored for this session
1608373745011	Marionette	INFO	Stopped listening on port 57510

###!!! [Child][RunMessage] Error: Channel closing: too late to send/recv, messages will be lost

1608373795512	geckodriver	INFO	Listening on 127.0.0.1:57675
1608373798570	mozrunner::runner	INFO	Running command: "C:\\Program Files\\Mozilla Firefox\\firefox.exe" "--marionette" "-foreground" "-no-remote" "-profile" "C:\\Users\\thoma\\AppData\\Local\\Temp\\rust_mozprofilehUdmi8"
Can't find symbol 'eglSwapBuffersWithDamageEXT'.
Can't find symbol 'eglSetDamageRegionKHR'.
console.warn: SearchSettings: "get: No settings file exists, new profile?" (new Error("", "(unknown module)"))
1608373802028	Marionette	INFO	Listening on port 57684
1608373802265	Marionette	WARN	TLS certificate errors will be ignored for this session
1608373806721	Marionette	INFO	Stopped listening on port 57684

###!!! [Child][RunMessage] Error: Channel closing: too late to send/recv, messages will be lost

1608373807643	geckodriver	INFO	Listening on 127.0.0.1:57725
1608373810700	mozrunner::runner	INFO	Running command: "C:\\Program Files\\Mozilla Firefox\\firefox.exe" "--marionette" "-foreground" "-no-remote" "-profile" "C:\\Users\\thoma\\AppData\\Local\\Temp\\rust_mozprofileTpQFTO"
Can't find symbol 'eglSwapBuffersWithDamageEXT'.
Can't find symbol 'eglSetDamageRegionKHR'.
console.warn: SearchSettings: "get: No settings file exists, new profile?" (new Error("", "(unknown module)"))
1608373813746	Marionette	INFO	Listening on port 57733
1608373813915	Marionette	WARN	TLS certificate errors will be ignored for this session
1608373818392	Marionette	INFO	Stopped listening on port 57733

###!!! [Child][RunMessage] Error: Channel closing: too late to send/recv, messages will be lost

